<?xml version="1.0" encoding="UTF-8"?>
<testng-results skipped="0" failed="0" ignored="0" total="1" passed="1">
  <reporter-output>
  </reporter-output>
  <suite name="Default suite" duration-ms="12576" started-at="2022-12-08T13:26:32Z" finished-at="2022-12-08T13:26:45Z">
    <groups>
    </groups>
    <test name="Default test" duration-ms="12576" started-at="2022-12-08T13:26:32Z" finished-at="2022-12-08T13:26:45Z">
      <class name="org.test.Main">
        <test-method status="PASS" signature="beforeclass()[pri:0, instance:org.test.Main@3abbfa04]" name="beforeclass" is-config="true" duration-ms="6938" started-at="2022-12-08T13:26:33Z" finished-at="2022-12-08T13:26:39Z">
          <reporter-output>
          </reporter-output>
        </test-method> <!-- beforeclass -->
        <test-method status="PASS" signature="beforemethod()[pri:0, instance:org.test.Main@3abbfa04]" name="beforemethod" is-config="true" duration-ms="7" started-at="2022-12-08T13:26:39Z" finished-at="2022-12-08T13:26:39Z">
          <reporter-output>
          </reporter-output>
        </test-method> <!-- beforemethod -->
        <test-method status="PASS" signature="test1()[pri:0, instance:org.test.Main@3abbfa04]" name="test1" duration-ms="4803" started-at="2022-12-08T13:26:39Z" finished-at="2022-12-08T13:26:44Z">
          <reporter-output>
          </reporter-output>
        </test-method> <!-- test1 -->
        <test-method status="PASS" signature="afterclass()[pri:0, instance:org.test.Main@3abbfa04]" name="afterclass" is-config="true" duration-ms="774" started-at="2022-12-08T13:26:44Z" finished-at="2022-12-08T13:26:45Z">
          <reporter-output>
          </reporter-output>
        </test-method> <!-- afterclass -->
        <test-method status="PASS" signature="aftermethod()[pri:0, instance:org.test.Main@3abbfa04]" name="aftermethod" is-config="true" duration-ms="0" started-at="2022-12-08T13:26:44Z" finished-at="2022-12-08T13:26:44Z">
          <reporter-output>
          </reporter-output>
        </test-method> <!-- aftermethod -->
      </class> <!-- org.test.Main -->
    </test> <!-- Default test -->
  </suite> <!-- Default suite -->
</testng-results>
